{"D:\\sreejith\\workspace\\IBS\\new\\repo\\icargo\\library\\spreadsheet\\example\\src\\App.js": {"path":"D:\\sreejith\\workspace\\IBS\\new\\repo\\icargo\\library\\spreadsheet\\example\\src\\App.js","statementMap":{"0":{"start":{"line":7,"column":12},"end":{"line":532,"column":1}},"1":{"start":{"line":9,"column":21},"end":{"line":9,"column":27}},"2":{"start":{"line":11,"column":18},"end":{"line":11,"column":20}},"3":{"start":{"line":13,"column":26},"end":{"line":13,"column":36}},"4":{"start":{"line":15,"column":30},"end":{"line":15,"column":42}},"5":{"start":{"line":16,"column":15},"end":{"line":16,"column":24}},"6":{"start":{"line":18,"column":30},"end":{"line":18,"column":31}},"7":{"start":{"line":21,"column":18},"end":{"line":370,"column":3}},"8":{"start":{"line":373,"column":27},"end":{"line":428,"column":5}},"9":{"start":{"line":431,"column":28},"end":{"line":482,"column":3}},"10":{"start":{"line":432,"column":4},"end":{"line":432,"column":53}},"11":{"start":{"line":433,"column":23},"end":{"line":474,"column":6}},"12":{"start":{"line":434,"column":6},"end":{"line":473,"column":8}},"13":{"start":{"line":475,"column":4},"end":{"line":481,"column":5}},"14":{"start":{"line":476,"column":6},"end":{"line":476,"column":27}},"15":{"start":{"line":477,"column":6},"end":{"line":477,"column":20}},"16":{"start":{"line":479,"column":6},"end":{"line":479,"column":28}},"17":{"start":{"line":480,"column":6},"end":{"line":480,"column":20}},"18":{"start":{"line":483,"column":26},"end":{"line":485,"column":1}},"19":{"start":{"line":484,"column":2},"end":{"line":484,"column":23}},"20":{"start":{"line":487,"column":25},"end":{"line":494,"column":3}},"21":{"start":{"line":488,"column":4},"end":{"line":490,"column":5}},"22":{"start":{"line":489,"column":6},"end":{"line":489,"column":89}},"23":{"start":{"line":491,"column":4},"end":{"line":493,"column":5}},"24":{"start":{"line":492,"column":6},"end":{"line":492,"column":108}},"25":{"start":{"line":497,"column":25},"end":{"line":499,"column":3}},"26":{"start":{"line":498,"column":4},"end":{"line":498,"column":47}},"27":{"start":{"line":500,"column":29},"end":{"line":502,"column":3}},"28":{"start":{"line":501,"column":4},"end":{"line":501,"column":17}},"29":{"start":{"line":503,"column":2},"end":{"line":509,"column":13}},"30":{"start":{"line":508,"column":4},"end":{"line":508,"column":18}},"31":{"start":{"line":511,"column":2},"end":{"line":531,"column":38}},"32":{"start":{"line":512,"column":4},"end":{"line":530,"column":6}},"33":{"start":{"line":531,"column":9},"end":{"line":531,"column":38}}},"fnMap":{"0":{"name":"(anonymous_0)","decl":{"start":{"line":7,"column":12},"end":{"line":7,"column":13}},"loc":{"start":{"line":7,"column":18},"end":{"line":532,"column":1}},"line":7},"1":{"name":"(anonymous_1)","decl":{"start":{"line":431,"column":28},"end":{"line":431,"column":29}},"loc":{"start":{"line":431,"column":48},"end":{"line":482,"column":3}},"line":431},"2":{"name":"(anonymous_2)","decl":{"start":{"line":433,"column":42},"end":{"line":433,"column":43}},"loc":{"start":{"line":433,"column":52},"end":{"line":474,"column":5}},"line":433},"3":{"name":"(anonymous_3)","decl":{"start":{"line":483,"column":26},"end":{"line":483,"column":27}},"loc":{"start":{"line":483,"column":30},"end":{"line":485,"column":1}},"line":483},"4":{"name":"(anonymous_4)","decl":{"start":{"line":487,"column":25},"end":{"line":487,"column":26}},"loc":{"start":{"line":487,"column":61},"end":{"line":494,"column":3}},"line":487},"5":{"name":"(anonymous_5)","decl":{"start":{"line":497,"column":25},"end":{"line":497,"column":26}},"loc":{"start":{"line":497,"column":43},"end":{"line":499,"column":3}},"line":497},"6":{"name":"(anonymous_6)","decl":{"start":{"line":500,"column":29},"end":{"line":500,"column":30}},"loc":{"start":{"line":500,"column":35},"end":{"line":502,"column":3}},"line":500},"7":{"name":"(anonymous_7)","decl":{"start":{"line":503,"column":12},"end":{"line":503,"column":13}},"loc":{"start":{"line":503,"column":18},"end":{"line":509,"column":3}},"line":503}},"branchMap":{"0":{"loc":{"start":{"line":435,"column":8},"end":{"line":472,"column":69}},"type":"binary-expr","locations":[{"start":{"line":435,"column":9},"end":{"line":435,"column":22}},{"start":{"line":435,"column":26},"end":{"line":435,"column":73}},{"start":{"line":436,"column":9},"end":{"line":436,"column":18}},{"start":{"line":436,"column":22},"end":{"line":436,"column":65}},{"start":{"line":437,"column":9},"end":{"line":437,"column":25}},{"start":{"line":438,"column":10},"end":{"line":438,"column":60}},{"start":{"line":439,"column":9},"end":{"line":439,"column":23}},{"start":{"line":439,"column":27},"end":{"line":439,"column":75}},{"start":{"line":440,"column":8},"end":{"line":440,"column":52}},{"start":{"line":441,"column":9},"end":{"line":441,"column":22}},{"start":{"line":441,"column":26},"end":{"line":441,"column":73}},{"start":{"line":442,"column":9},"end":{"line":442,"column":18}},{"start":{"line":442,"column":22},"end":{"line":442,"column":65}},{"start":{"line":443,"column":9},"end":{"line":443,"column":23}},{"start":{"line":443,"column":27},"end":{"line":443,"column":75}},{"start":{"line":444,"column":9},"end":{"line":444,"column":21}},{"start":{"line":444,"column":25},"end":{"line":444,"column":71}},{"start":{"line":445,"column":9},"end":{"line":445,"column":20}},{"start":{"line":445,"column":24},"end":{"line":445,"column":69}},{"start":{"line":446,"column":9},"end":{"line":446,"column":30}},{"start":{"line":447,"column":10},"end":{"line":447,"column":65}},{"start":{"line":448,"column":9},"end":{"line":448,"column":24}},{"start":{"line":449,"column":10},"end":{"line":449,"column":59}},{"start":{"line":450,"column":9},"end":{"line":450,"column":30}},{"start":{"line":451,"column":10},"end":{"line":451,"column":65}},{"start":{"line":452,"column":9},"end":{"line":452,"column":25}},{"start":{"line":453,"column":10},"end":{"line":453,"column":60}},{"start":{"line":454,"column":9},"end":{"line":454,"column":26}},{"start":{"line":455,"column":10},"end":{"line":455,"column":61}},{"start":{"line":456,"column":9},"end":{"line":456,"column":23}},{"start":{"line":456,"column":27},"end":{"line":456,"column":75}},{"start":{"line":457,"column":9},"end":{"line":457,"column":26}},{"start":{"line":458,"column":10},"end":{"line":458,"column":61}},{"start":{"line":459,"column":9},"end":{"line":459,"column":23}},{"start":{"line":459,"column":27},"end":{"line":459,"column":75}},{"start":{"line":460,"column":9},"end":{"line":460,"column":26}},{"start":{"line":461,"column":10},"end":{"line":461,"column":61}},{"start":{"line":462,"column":11},"end":{"line":462,"column":27}},{"start":{"line":462,"column":31},"end":{"line":462,"column":81}},{"start":{"line":463,"column":9},"end":{"line":463,"column":23}},{"start":{"line":463,"column":27},"end":{"line":463,"column":75}},{"start":{"line":464,"column":9},"end":{"line":464,"column":26}},{"start":{"line":465,"column":10},"end":{"line":465,"column":61}},{"start":{"line":466,"column":9},"end":{"line":466,"column":21}},{"start":{"line":466,"column":25},"end":{"line":466,"column":71}},{"start":{"line":467,"column":9},"end":{"line":467,"column":19}},{"start":{"line":467,"column":23},"end":{"line":467,"column":67}},{"start":{"line":468,"column":9},"end":{"line":468,"column":16}},{"start":{"line":468,"column":20},"end":{"line":468,"column":61}},{"start":{"line":469,"column":9},"end":{"line":469,"column":29}},{"start":{"line":470,"column":10},"end":{"line":470,"column":64}},{"start":{"line":471,"column":9},"end":{"line":471,"column":33}},{"start":{"line":472,"column":10},"end":{"line":472,"column":68}}],"line":435},"1":{"loc":{"start":{"line":475,"column":4},"end":{"line":481,"column":5}},"type":"if","locations":[{"start":{"line":475,"column":4},"end":{"line":481,"column":5}},{"start":{"line":475,"column":4},"end":{"line":481,"column":5}}],"line":475},"2":{"loc":{"start":{"line":488,"column":4},"end":{"line":490,"column":5}},"type":"if","locations":[{"start":{"line":488,"column":4},"end":{"line":490,"column":5}},{"start":{"line":488,"column":4},"end":{"line":490,"column":5}}],"line":488},"3":{"loc":{"start":{"line":491,"column":4},"end":{"line":493,"column":5}},"type":"if","locations":[{"start":{"line":491,"column":4},"end":{"line":493,"column":5}},{"start":{"line":491,"column":4},"end":{"line":493,"column":5}}],"line":491},"4":{"loc":{"start":{"line":511,"column":2},"end":{"line":531,"column":38}},"type":"if","locations":[{"start":{"line":511,"column":2},"end":{"line":531,"column":38}},{"start":{"line":511,"column":2},"end":{"line":531,"column":38}}],"line":511},"5":{"loc":{"start":{"line":511,"column":6},"end":{"line":511,"column":25}},"type":"binary-expr","locations":[{"start":{"line":511,"column":6},"end":{"line":511,"column":10}},{"start":{"line":511,"column":14},"end":{"line":511,"column":25}}],"line":511}},"s":{"0":1,"1":1,"2":1,"3":1,"4":1,"5":1,"6":1,"7":1,"8":1,"9":1,"10":0,"11":0,"12":0,"13":0,"14":0,"15":0,"16":0,"17":0,"18":1,"19":0,"20":1,"21":0,"22":0,"23":0,"24":0,"25":1,"26":0,"27":1,"28":0,"29":1,"30":0,"31":1,"32":0,"33":1},"f":{"0":1,"1":0,"2":0,"3":0,"4":0,"5":0,"6":0,"7":0},"b":{"0":[0,0,0,0,0,0,0,0,0,0,0,0,0,0,0,0,0,0,0,0,0,0,0,0,0,0,0,0,0,0,0,0,0,0,0,0,0,0,0,0,0,0,0,0,0,0,0,0,0,0,0,0,0],"1":[0,0],"2":[0,0],"3":[0,0],"4":[0,1],"5":[1,0]},"_coverageSchema":"1a1c01bbd47fc00a2c39e90264f33305004495a9","hash":"efe9be69076a3014aeb748e486057be3671868ae"}
,"D:\\sreejith\\workspace\\IBS\\new\\repo\\icargo\\library\\spreadsheet\\example\\src\\getData.js": {"path":"D:\\sreejith\\workspace\\IBS\\new\\repo\\icargo\\library\\spreadsheet\\example\\src\\getData.js","statementMap":{"0":{"start":{"line":3,"column":25},"end":{"line":14,"column":1}},"1":{"start":{"line":4,"column":21},"end":{"line":6,"column":5}},"2":{"start":{"line":7,"column":4},"end":{"line":12,"column":5}},"3":{"start":{"line":8,"column":27},"end":{"line":8,"column":45}},"4":{"start":{"line":9,"column":8},"end":{"line":11,"column":9}},"5":{"start":{"line":10,"column":12},"end":{"line":10,"column":26}},"6":{"start":{"line":13,"column":4},"end":{"line":13,"column":14}}},"fnMap":{"0":{"name":"(anonymous_0)","decl":{"start":{"line":3,"column":25},"end":{"line":3,"column":26}},"loc":{"start":{"line":3,"column":42},"end":{"line":14,"column":1}},"line":3}},"branchMap":{"0":{"loc":{"start":{"line":7,"column":4},"end":{"line":12,"column":5}},"type":"if","locations":[{"start":{"line":7,"column":4},"end":{"line":12,"column":5}},{"start":{"line":7,"column":4},"end":{"line":12,"column":5}}],"line":7},"1":{"loc":{"start":{"line":7,"column":8},"end":{"line":7,"column":55}},"type":"binary-expr","locations":[{"start":{"line":7,"column":8},"end":{"line":7,"column":16}},{"start":{"line":7,"column":20},"end":{"line":7,"column":33}},{"start":{"line":7,"column":37},"end":{"line":7,"column":55}}],"line":7},"2":{"loc":{"start":{"line":9,"column":8},"end":{"line":11,"column":9}},"type":"if","locations":[{"start":{"line":9,"column":8},"end":{"line":11,"column":9}},{"start":{"line":9,"column":8},"end":{"line":11,"column":9}}],"line":9}},"s":{"0":1,"1":0,"2":0,"3":0,"4":0,"5":0,"6":0},"f":{"0":0},"b":{"0":[0,0],"1":[0,0,0],"2":[0,0]},"_coverageSchema":"1a1c01bbd47fc00a2c39e90264f33305004495a9","hash":"f109011434a63aea9b61abf3852cc35a8283c684"}
}
