TN:
SF:src\App.js
FN:7,(anonymous_0)
FN:431,(anonymous_1)
FN:433,(anonymous_2)
FN:483,(anonymous_3)
FN:487,(anonymous_4)
FN:497,(anonymous_5)
FN:500,(anonymous_6)
FN:503,(anonymous_7)
FNF:8
FNH:1
FNDA:1,(anonymous_0)
FNDA:0,(anonymous_1)
FNDA:0,(anonymous_2)
FNDA:0,(anonymous_3)
FNDA:0,(anonymous_4)
FNDA:0,(anonymous_5)
FNDA:0,(anonymous_6)
FNDA:0,(anonymous_7)
DA:7,1
DA:9,1
DA:11,1
DA:13,1
DA:15,1
DA:16,1
DA:18,1
DA:21,1
DA:373,1
DA:431,1
DA:432,0
DA:433,0
DA:434,0
DA:475,0
DA:476,0
DA:477,0
DA:479,0
DA:480,0
DA:483,1
DA:484,0
DA:487,1
DA:488,0
DA:489,0
DA:491,0
DA:492,0
DA:497,1
DA:498,0
DA:500,1
DA:501,0
DA:503,1
DA:508,0
DA:511,1
DA:512,0
DA:531,1
LF:34
LH:17
BRDA:435,0,0,0
BRDA:435,0,1,0
BRDA:435,0,2,0
BRDA:435,0,3,0
BRDA:435,0,4,0
BRDA:435,0,5,0
BRDA:435,0,6,0
BRDA:435,0,7,0
BRDA:435,0,8,0
BRDA:435,0,9,0
BRDA:435,0,10,0
BRDA:435,0,11,0
BRDA:435,0,12,0
BRDA:435,0,13,0
BRDA:435,0,14,0
BRDA:435,0,15,0
BRDA:435,0,16,0
BRDA:435,0,17,0
BRDA:435,0,18,0
BRDA:435,0,19,0
BRDA:435,0,20,0
BRDA:435,0,21,0
BRDA:435,0,22,0
BRDA:435,0,23,0
BRDA:435,0,24,0
BRDA:435,0,25,0
BRDA:435,0,26,0
BRDA:435,0,27,0
BRDA:435,0,28,0
BRDA:435,0,29,0
BRDA:435,0,30,0
BRDA:435,0,31,0
BRDA:435,0,32,0
BRDA:435,0,33,0
BRDA:435,0,34,0
BRDA:435,0,35,0
BRDA:435,0,36,0
BRDA:435,0,37,0
BRDA:435,0,38,0
BRDA:435,0,39,0
BRDA:435,0,40,0
BRDA:435,0,41,0
BRDA:435,0,42,0
BRDA:435,0,43,0
BRDA:435,0,44,0
BRDA:435,0,45,0
BRDA:435,0,46,0
BRDA:435,0,47,0
BRDA:435,0,48,0
BRDA:435,0,49,0
BRDA:435,0,50,0
BRDA:435,0,51,0
BRDA:435,0,52,0
BRDA:475,1,0,0
BRDA:475,1,1,0
BRDA:488,2,0,0
BRDA:488,2,1,0
BRDA:491,3,0,0
BRDA:491,3,1,0
BRDA:511,4,0,0
BRDA:511,4,1,1
BRDA:511,5,0,1
BRDA:511,5,1,0
BRF:63
BRH:2
end_of_record
TN:
SF:src\getData.js
FN:3,(anonymous_0)
FNF:1
FNH:0
FNDA:0,(anonymous_0)
DA:3,1
DA:4,0
DA:7,0
DA:8,0
DA:9,0
DA:10,0
DA:13,0
LF:7
LH:1
BRDA:7,0,0,0
BRDA:7,0,1,0
BRDA:7,1,0,0
BRDA:7,1,1,0
BRDA:7,1,2,0
BRDA:9,2,0,0
BRDA:9,2,1,0
BRF:7
BRH:0
end_of_record
